<?xml version="1.0" encoding="UTF-8"?>
<!-- Generated by org.testng.reporters.JUnitXMLReporter -->
<testsuite ignored="0" hostname="DESKTOP-B4IORTK" failures="1" tests="1" name="Test" time="8.805" errors="0" timestamp="2025-05-07T17:39:34 IST">
  <testcase classname="com.actitime.testscripts.customerModule" name="createCustomer" time="0.029">
    <failure type="java.lang.AssertionError" message="null">
      <![CDATA[java.lang.AssertionError: null
at com.actitime.testscripts.customerModule.createCustomer(customerModule.java:17)
at java.base/java.util.ArrayList.forEach(ArrayList.java:1597)
... Removed 27 stack frames]]>
    </failure>
  </testcase> <!-- createCustomer -->
</testsuite> <!-- Test -->
